#
# A fatal error has been detected by the Java Runtime Environment:
#
#  SIGSEGV (0xb) at pc=0x0000000107ce439a, pid=8695, tid=75267
#
# JRE version: OpenJDK Runtime Environment (12.0.2+10) (build 12.0.2+10)
# Java VM: OpenJDK 64-Bit Server VM (12.0.2+10, mixed mode, tiered, compressed oops, g1 gc, bsd-amd64)
# Problematic frame:
# C  [libawt_lwawt.dylib+0x1b39a]  OGLSD_SetScratchSurface+0x1f
#
# No core dump will be written. Core dumps have been disabled. To enable core dumping, try "ulimit -c unlimited" before starting Java again
#
# If you would like to submit a bug report, please visit:
#   https://github.com/AdoptOpenJDK/openjdk-build/issues
# The crash happened outside the Java Virtual Machine in native code.
# See problematic frame for where to report the bug.
#

---------------  S U M M A R Y ------------

Command Line: -javaagent:/Users/ribeiro/Library/Application Support/JetBrains/Toolbox/apps/IDEA-U/ch-0/192.6603.28/IntelliJ IDEA.app/Contents/lib/idea_rt.jar=50708:/Users/ribeiro/Library/Application Support/JetBrains/Toolbox/apps/IDEA-U/ch-0/192.6603.28/IntelliJ IDEA.app/Contents/bin -Dfile.encoding=UTF-8 Client.Client

Host: MacBookPro15,4 x86_64 1400 MHz, 8 cores, 8G, Darwin 19.2.0
Time: Thu Dec 12 17:25:02 2019 WET elapsed time: 2023 seconds (0d 0h 33m 43s)

---------------  T H R E A D  ---------------

Current thread (0x00007fb40b80e000):  JavaThread "Java2D Queue Flusher" daemon [_thread_in_native, id=75267, stack(0x0000700006dc3000,0x0000700006ec3000)]

Stack: [0x0000700006dc3000,0x0000700006ec3000],  sp=0x0000700006ec28e0,  free space=1022k
Native frames: (J=compiled Java code, A=aot compiled Java code, j=interpreted, Vv=VM code, C=native code)
C  [libawt_lwawt.dylib+0x1b39a]  OGLSD_SetScratchSurface+0x1f
C  [libawt_lwawt.dylib+0x3fba5]  Java_sun_java2d_opengl_OGLRenderQueue_flushBuffer+0x779
J 2044  sun.java2d.opengl.OGLRenderQueue.flushBuffer(JI)V java.desktop@12.0.2 (0 bytes) @ 0x00000001186bd17d [0x00000001186bd0c0+0x00000000000000bd]
J 1849 c1 sun.java2d.opengl.OGLRenderQueue.flushBuffer()V java.desktop@12.0.2 (41 bytes) @ 0x000000011146911c [0x0000000111469000+0x000000000000011c]
j  sun.java2d.opengl.OGLRenderQueue$QueueFlusher.run()V+81 java.desktop@12.0.2
j  java.lang.Thread.run()V+11 java.base@12.0.2
v  ~StubRoutines::call_stub
V  [libjvm.dylib+0x396533]  _ZN9JavaCalls11call_helperEP9JavaValueRK12methodHandleP17JavaCallArgumentsP6Thread+0x26b
V  [libjvm.dylib+0x395914]  _ZN9JavaCalls12call_virtualEP9JavaValueP5KlassP6SymbolS5_P17JavaCallArgumentsP6Thread+0xee
V  [libjvm.dylib+0x3959d0]  _ZN9JavaCalls12call_virtualEP9JavaValue6HandleP5KlassP6SymbolS6_P6Thread+0x62
V  [libjvm.dylib+0x412b66]  _ZL12thread_entryP10JavaThreadP6Thread+0x78
V  [libjvm.dylib+0x742d3c]  _ZN10JavaThread17thread_main_innerEv+0x82
V  [libjvm.dylib+0x742b86]  _ZN10JavaThread3runEv+0x16c
V  [libjvm.dylib+0x740a16]  _ZN6Thread8call_runEv+0x68
V  [libjvm.dylib+0x5d79a7]  _ZL19thread_native_entryP6Thread+0x139
C  [libsystem_pthread.dylib+0x5e65]  _pthread_start+0x94
C  [libsystem_pthread.dylib+0x183b]  thread_start+0xf

Java frames: (J=compiled Java code, j=interpreted, Vv=VM code)
J 2044  sun.java2d.opengl.OGLRenderQueue.flushBuffer(JI)V java.desktop@12.0.2 (0 bytes) @ 0x00000001186bd108 [0x00000001186bd0c0+0x0000000000000048]
J 1849 c1 sun.java2d.opengl.OGLRenderQueue.flushBuffer()V java.desktop@12.0.2 (41 bytes) @ 0x000000011146911c [0x0000000111469000+0x000000000000011c]
j  sun.java2d.opengl.OGLRenderQueue$QueueFlusher.run()V+81 java.desktop@12.0.2
j  java.lang.Thread.run()V+11 java.base@12.0.2
v  ~StubRoutines::call_stub

siginfo: si_signo: 11 (SIGSEGV), si_code: 1 (SEGV_MAPERR), si_addr: 0x0000000000000006

Register to memory mapping:

RAX=0x0000000107d092aa: OGLRenderQueue_CheckPreviousOp+0xf2 in /Library/Java/JavaVirtualMachines/adoptopenjdk-12.jdk/Contents/Home/lib/libawt_lwawt.dylib at 0x0000000107cc9000
RBX=0x00007fb40b80fa98 points into unknown readable memory: b0 3b 49 10 b4 7f 00 00
RCX=0x0000000107d092cc: OGLRenderQueue_CheckPreviousOp+0x114 in /Library/Java/JavaVirtualMachines/adoptopenjdk-12.jdk/Contents/Home/lib/libawt_lwawt.dylib at 0x0000000107cc9000
RDX=0x000000015a4cf000 points into unknown readable memory: e0 68 43 8d ff 7f 00 00
RSP=0x0000700006ec28e0 is pointing into the stack for thread: 0x00007fb40b80e000
RBP=0x0000700006ec2910 is pointing into the stack for thread: 0x00007fb40b80e000
RSI=0x00007fb410493bb0 points into unknown readable memory: 00 00 00 00 00 00 00 30
RDI=0x00007fb40b80e330 points into unknown readable memory: e0 16 d8 02 01 00 00 00
R8 =0x00007fff2de84bce: glrIntelEndPrimitiveBuffer+0 in /System/Library/Extensions/AppleIntelKBLGraphicsGLDriver.bundle/Contents/MacOS/AppleIntelKBLGraphicsGLDriver at 0x00007fff2dcbb000
R9 =0x0 is NULL
R10=0x0 is NULL
R11=0x0098000000000000 is an unknown value
R12=0x0000000000000006 is an unknown value
R13=0x0000700006ec2a50 is pointing into the stack for thread: 0x00007fb40b80e000
R14=0x00007fb40b80faa0 points into unknown readable memory: 5a 00 00 00 49 00 00 00
R15=0x00007fb40b80e330 points into unknown readable memory: e0 16 d8 02 01 00 00 00


Registers:
RAX=0x0000000107d092aa, RBX=0x00007fb40b80fa98, RCX=0x0000000107d092cc, RDX=0x000000015a4cf000
RSP=0x0000700006ec28e0, RBP=0x0000700006ec2910, RSI=0x00007fb410493bb0, RDI=0x00007fb40b80e330
R8 =0x00007fff2de84bce, R9 =0x0000000000000000, R10=0x0000000000000000, R11=0x0098000000000000
R12=0x0000000000000006, R13=0x0000700006ec2a50, R14=0x00007fb40b80faa0, R15=0x00007fb40b80e330
RIP=0x0000000107ce439a, EFLAGS=0x0000000000010206, ERR=0x0000000000000004
  TRAPNO=0x000000000000000e

Top of Stack: (sp=0x0000700006ec28e0)
0x0000700006ec28e0:   0000000107d092aa 00007fb40b80fa98
0x0000700006ec28f0:   00007fb40b80fab0 0000700006ec2a50
0x0000700006ec2900:   00007fb40b80faa0 00007fb410493bb0
0x0000700006ec2910:   0000700006ec2970 0000000107d08ba5
0x0000700006ec2920:   0000000102df8801 00007fb40b80e000
0x0000700006ec2930:   0000000006ec2950 00007fb40b80fab0
0x0000700006ec2940:   00007fb40b80e330 000000015b421390
0x0000700006ec2950:   0000000000000000 0000700006ec2a50
0x0000700006ec2960:   0000700006ec2ad8 00007fb40b80e000
0x0000700006ec2970:   0000700006ec29c0 00000001186bd17d
0x0000700006ec2980:   000000078032b6d8 00007fb40b80e000
0x0000700006ec2990:   0000700006ec2901 00007fb40af0c5a0
0x0000700006ec29a0:   0000700006ec2b00 00007fb40b80e000
0x0000700006ec29b0:   00000001070f6d08 0000000000000000
0x0000700006ec29c0:   0000700006ec2ab0 000000011146911c
0x0000700006ec29d0:   0000700006ec2a20 0000000118657c7b
0x0000700006ec29e0:   000000078032b6b8 000000011865c779
0x0000700006ec29f0:   000000078032b6b8 0000000111732944
0x0000700006ec2a00:   00000001297973c4 0000700006ec2a50
0x0000700006ec2a10:   0000000129797450 0000000000000000
0x0000700006ec2a20:   000000078032b6d8 0000000110b52ca7
0x0000700006ec2a30:   0000700006ec2ab0 0000000110b52ca7
0x0000700006ec2a40:   0000000000000064 0000000110b52ca7
0x0000700006ec2a50:   000000078032b6d8 0000000000000001
0x0000700006ec2a60:   000000078032b6b8 0000700006ec2a58
0x0000700006ec2a70:   0000000107e1e679 0000700006ec2ad8
0x0000700006ec2a80:   0000000107e20b98 0000000000000000
0x0000700006ec2a90:   000000078032b6f0 0000000107e1e7b8
0x0000700006ec2aa0:   0000700006ec2a50 0000700006ec2ad8
0x0000700006ec2ab0:   0000700006ec2b28 0000000110b52cec
0x0000700006ec2ac0:   0000000000000000 0000000000000000
0x0000700006ec2ad0:   0000000000000000 000000078032b6b8 

Instructions: (pc=0x0000000107ce439a)
0x0000000107ce429a:   48 8b 35 8f 5d 05 00 ff 15 a1 92 04 00 c7 43 40
0x0000000107ce42aa:   00 00 00 00 31 db 4d 85 ff 74 08 4c 89 ff e8 d7
0x0000000107ce42ba:   e0 02 00 84 db 75 0b 48 83 c4 08 5b 41 5e 41 5f
0x0000000107ce42ca:   5d c3 e8 09 e3 02 00 49 89 c6 eb 4c 48 89 c3 83
0x0000000107ce42da:   fa 02 75 31 48 89 df e8 e2 e2 02 00 48 8b 3d 93
0x0000000107ce42ea:   67 05 00 48 8b 35 84 4c 05 00 4c 89 f2 48 89 c1
0x0000000107ce42fa:   ff 15 48 92 04 00 e8 c9 e2 02 00 eb a7 48 89 c3
0x0000000107ce430a:   e8 bf e2 02 00 48 89 df e8 b1 e2 02 00 b3 01 eb
0x0000000107ce431a:   95 49 89 c6 84 db 74 05 e8 a7 e2 02 00 4c 89 f7
0x0000000107ce432a:   e8 b5 e1 02 00 e8 e8 e2 02 00 55 48 89 e5 53 50
0x0000000107ce433a:   48 85 ff 74 0f 48 8b 47 38 48 85 c0 74 0f 48 8b
0x0000000107ce434a:   58 20 eb 23 48 8d 15 4f 00 04 00 eb 07 48 8d 15
0x0000000107ce435a:   6e 00 04 00 31 db bf 01 00 00 00 be 01 00 00 00
0x0000000107ce436a:   31 c0 e8 8d df 02 00 48 89 d8 48 83 c4 08 5b 5d
0x0000000107ce437a:   c3 55 48 89 e5 41 57 41 56 41 55 41 54 53 50 49
0x0000000107ce438a:   89 ff 48 85 f6 74 57 4c 8b 66 10 4d 85 e4 74 57
0x0000000107ce439a:   49 8b 1c 24 31 c0 e8 e9 df 02 00 49 89 c6 48 8b
0x0000000107ce43aa:   3b 48 8b 35 56 5d 05 00 ff 15 90 91 04 00 48 85
0x0000000107ce43ba:   c0 74 50 48 8b 3d e4 68 05 00 48 8b 35 45 5d 05
0x0000000107ce43ca:   00 ff 15 77 91 04 00 48 8b 3b 48 39 f8 74 58 48
0x0000000107ce43da:   8b 35 98 5c 05 00 ff 15 62 91 04 00 eb 49 48 8d
0x0000000107ce43ea:   15 09 00 04 00 eb 07 48 8d 15 31 00 04 00 31 db
0x0000000107ce43fa:   bf 01 00 00 00 be 01 00 00 00 31 c0 e8 f3 de 02
0x0000000107ce440a:   00 eb 7c 31 c0 e8 cc 4e 02 00 48 85 c0 74 09 48
0x0000000107ce441a:   8d 05 38 e0 05 00 ff 10 4c 89 ff 4c 89 e6 e8 ea
0x0000000107ce442a:   00 00 00 84 c0 74 26 41 f6 44 24 08 0c 74 17 48
0x0000000107ce443a:   8d 05 10 df 05 00 31 db bf 40 8d 00 00 31 f6 ff
0x0000000107ce444a:   10 45 31 ed eb 0f 31 db 45 31 ed eb 08 41 bd 01
0x0000000107ce445a:   00 00 00 31 db 4d 85 f6 74 08 4c 89 f7 e8 28 df
0x0000000107ce446a:   02 00 84 db 75 2b 44 89 e8 0c 02 24 03 b1 02 38
0x0000000107ce447a:   c8 75 03 45 31 ed 31 db 45 85 ed 49 0f 44 dc 48
0x0000000107ce448a:   89 d8 48 83 c4 08 5b 41 5c 41 5d 41 5e 41 5f 5d 


Stack slot to memory mapping:
stack at sp + 0 slots: 0x0000000107d092aa: OGLRenderQueue_CheckPreviousOp+0xf2 in /Library/Java/JavaVirtualMachines/adoptopenjdk-12.jdk/Contents/Home/lib/libawt_lwawt.dylib at 0x0000000107cc9000
stack at sp + 1 slots: 0x00007fb40b80fa98 points into unknown readable memory: b0 3b 49 10 b4 7f 00 00
stack at sp + 2 slots: 0x00007fb40b80fab0 points into unknown readable memory: c0 8d ca 0a b4 7f 00 00
stack at sp + 3 slots: 0x0000700006ec2a50 is pointing into the stack for thread: 0x00007fb40b80e000
stack at sp + 4 slots: 0x00007fb40b80faa0 points into unknown readable memory: 5a 00 00 00 49 00 00 00
stack at sp + 5 slots: 0x00007fb410493bb0 points into unknown readable memory: 00 00 00 00 00 00 00 30
stack at sp + 6 slots: 0x0000700006ec2970 is pointing into the stack for thread: 0x00007fb40b80e000
stack at sp + 7 slots: 0x0000000107d08ba5: Java_sun_java2d_opengl_OGLRenderQueue_flushBuffer+0x779 in /Library/Java/JavaVirtualMachines/adoptopenjdk-12.jdk/Contents/Home/lib/libawt_lwawt.dylib at 0x0000000107cc9000


---------------  P R O C E S S  ---------------

Threads class SMR info:
_java_thread_list=0x00007fb40af685e0, length=20, elements={
0x00007fb40d070800, 0x00007fb40e012000, 0x00007fb40b01b800, 0x00007fb40e010800,
0x00007fb40b01c800, 0x00007fb40b021800, 0x00007fb40b04a800, 0x00007fb40b06d000,
0x00007fb40b06e000, 0x00007fb40b074000, 0x00007fb40d912000, 0x00007fb40b80e000,
0x00007fb40e0d5000, 0x00007fb40d91a000, 0x00007fb40e10f000, 0x00007fb40b0fb800,
0x00007fb40e242800, 0x00007fb40d86d000, 0x00007fb40d094800, 0x00007fb40e177000
}

Java Threads: ( => current thread )
  0x00007fb40d070800 JavaThread "Reference Handler" daemon [_thread_blocked, id=18691, stack(0x0000700005e8a000,0x0000700005f8a000)]
  0x00007fb40e012000 JavaThread "Finalizer" daemon [_thread_blocked, id=17923, stack(0x0000700005f8d000,0x000070000608d000)]
  0x00007fb40b01b800 JavaThread "Signal Dispatcher" daemon [_thread_blocked, id=15363, stack(0x0000700006196000,0x0000700006296000)]
  0x00007fb40e010800 JavaThread "C2 CompilerThread0" daemon [_thread_blocked, id=21763, stack(0x0000700006299000,0x0000700006399000)]
  0x00007fb40b01c800 JavaThread "C1 CompilerThread0" daemon [_thread_blocked, id=43267, stack(0x000070000639c000,0x000070000649c000)]
  0x00007fb40b021800 JavaThread "Sweeper thread" daemon [_thread_blocked, id=43011, stack(0x000070000649f000,0x000070000659f000)]
  0x00007fb40b04a800 JavaThread "Common-Cleaner" daemon [_thread_blocked, id=23043, stack(0x00007000065a2000,0x00007000066a2000)]
  0x00007fb40b06d000 JavaThread "Monitor Ctrl-Break" daemon [_thread_in_native, id=23299, stack(0x00007000066a5000,0x00007000067a5000)]
  0x00007fb40b06e000 JavaThread "Service Thread" daemon [_thread_blocked, id=41731, stack(0x00007000067a8000,0x00007000068a8000)]
  0x00007fb40b074000 JavaThread "AppKit Thread" daemon [_thread_in_native, id=775, stack(0x00007ffeee378000,0x00007ffeeeb78000)]
  0x00007fb40d912000 JavaThread "AWT-Shutdown" [_thread_blocked, id=34563, stack(0x00007000069ae000,0x0000700006aae000)]
=>0x00007fb40b80e000 JavaThread "Java2D Queue Flusher" daemon [_thread_in_native, id=75267, stack(0x0000700006dc3000,0x0000700006ec3000)]
  0x00007fb40e0d5000 JavaThread "Java2D Disposer" daemon [_thread_blocked, id=72979, stack(0x0000700006ec6000,0x0000700006fc6000)]
  0x00007fb40d91a000 JavaThread "AWT-EventQueue-0" [_thread_blocked, id=71171, stack(0x0000700006fc9000,0x00007000070c9000)]
  0x00007fb40e10f000 JavaThread "Attach Listener" daemon [_thread_blocked, id=62491, stack(0x00007000070cc000,0x00007000071cc000)]
  0x00007fb40b0fb800 JavaThread "DestroyJavaVM" [_thread_blocked, id=10243, stack(0x0000700005775000,0x0000700005875000)]
  0x00007fb40e242800 JavaThread "TimerQueue" daemon [_thread_blocked, id=66315, stack(0x00007000071cf000,0x00007000072cf000)]
  0x00007fb40d86d000 JavaThread "process reaper" daemon [_thread_in_native, id=89107, stack(0x0000700006cbd000,0x0000700006ce1000)]
  0x00007fb40d094800 JavaThread "C2 CompilerThread1" daemon [_thread_in_native, id=64823, stack(0x00007000077e4000,0x00007000078e4000)]
  0x00007fb40e177000 JavaThread "C2 CompilerThread2" daemon [_thread_blocked, id=127355, stack(0x00007000078e7000,0x00007000079e7000)]

Other Threads:
  0x00007fb40b019800 VMThread "VM Thread" [stack: 0x0000700005d87000,0x0000700005e87000] [id=13571]
  0x00007fb40b06f000 WatcherThread [stack: 0x00007000068ab000,0x00007000069ab000] [id=24323]
  0x00007fb40d824000 GCTaskThread "GC Thread#0" [stack: 0x0000700005878000,0x0000700005978000] [id=20995]
  0x00007fb40d09c800 GCTaskThread "GC Thread#1" [stack: 0x0000700006ab1000,0x0000700006bb1000] [id=126711]
  0x00007fb40d33b000 GCTaskThread "GC Thread#2" [stack: 0x0000700006bb4000,0x0000700006cb4000] [id=129375]
  0x00007fb40d33b800 GCTaskThread "GC Thread#3" [stack: 0x00007000072d2000,0x00007000073d2000] [id=87851]
  0x00007fb40d33c800 GCTaskThread "GC Thread#4" [stack: 0x00007000073d5000,0x00007000074d5000] [id=88867]
  0x00007fb40d381000 GCTaskThread "GC Thread#5" [stack: 0x00007000074d8000,0x00007000075d8000] [id=126995]
  0x00007fb40e00c800 ConcurrentGCThread "G1 Main Marker" [stack: 0x000070000597b000,0x0000700005a7b000] [id=20739]
  0x00007fb40d00a800 ConcurrentGCThread "G1 Conc#0" [stack: 0x0000700005a7e000,0x0000700005b7e000] [id=19715]
  0x00007fb40e241800 ConcurrentGCThread "G1 Conc#1" [stack: 0x00007000075db000,0x00007000076db000] [id=46695]
  0x00007fb40d06b800 ConcurrentGCThread "G1 Refine#0" [stack: 0x0000700005b81000,0x0000700005c81000] [id=19459]
  0x00007fb40d06c000 ConcurrentGCThread "G1 Young RemSet Sampling" [stack: 0x0000700005c84000,0x0000700005d84000] [id=12291]

Threads with active compile tasks:
C2 CompilerThread1  3163   !   4       javax.swing.JComponent::paintChildren (691 bytes)

VM state:not at safepoint (normal execution)

VM Mutex/Monitor currently owned by a thread: None

Heap address: 0x0000000780000000, size: 2048 MB, Compressed Oops mode: Zero based, Oop shift amount: 3
Narrow klass base: 0x0000000800000000, Narrow klass shift: 0
Compressed class space size: 1073741824 Address: 0x0000000800000000

Heap:
 garbage-first heap   total 34816K, used 17282K [0x0000000780000000, 0x0000000800000000)
  region size 1024K, 2 young (2048K), 1 survivors (1024K)
 Metaspace       used 21225K, capacity 21627K, committed 22016K, reserved 1069056K
  class space    used 2280K, capacity 2450K, committed 2560K, reserved 1048576K
Heap Regions: E=young(eden), S=young(survivor), O=old, HS=humongous(starts), HC=humongous(continues), CS=collection set, F=free, A=archive, TAMS=top-at-mark-start (previous, next)
|   0|0x0000000780000000, 0x0000000780100000, 0x0000000780100000|100%| O|  |TAMS 0x0000000780100000, 0x0000000780000000| Complete 
|   1|0x0000000780100000, 0x0000000780200000, 0x0000000780200000|100%| O|  |TAMS 0x0000000780200000, 0x0000000780100000| Complete 
|   2|0x0000000780200000, 0x0000000780300000, 0x0000000780300000|100%| O|  |TAMS 0x0000000780300000, 0x0000000780200000| Complete 
|   3|0x0000000780300000, 0x0000000780400000, 0x0000000780400000|100%| O|  |TAMS 0x0000000780400000, 0x0000000780300000| Untracked 
|   4|0x0000000780400000, 0x0000000780500000, 0x0000000780500000|100%| O|  |TAMS 0x0000000780500000, 0x0000000780400000| Untracked 
|   5|0x0000000780500000, 0x0000000780600000, 0x0000000780600000|100%| O|  |TAMS 0x0000000780600000, 0x0000000780500000| Complete 
|   6|0x0000000780600000, 0x000000078060c200, 0x0000000780700000|  4%| O|  |TAMS 0x000000078060c200, 0x0000000780600000| Complete 
|   7|0x0000000780700000, 0x0000000780800000, 0x0000000780800000|100%| O|  |TAMS 0x0000000780800000, 0x0000000780700000| Complete 
|   8|0x0000000780800000, 0x0000000780900000, 0x0000000780900000|100%| O|  |TAMS 0x0000000780900000, 0x0000000780800000| Complete 
|   9|0x0000000780900000, 0x0000000780a00000, 0x0000000780a00000|100%| O|  |TAMS 0x0000000780a00000, 0x0000000780900000| Complete 
|  10|0x0000000780a00000, 0x0000000780b00000, 0x0000000780b00000|100%| O|  |TAMS 0x0000000780b00000, 0x0000000780a00000| Complete 
|  11|0x0000000780b00000, 0x0000000780c00000, 0x0000000780c00000|100%| O|  |TAMS 0x0000000780c00000, 0x0000000780b00000| Complete 
|  12|0x0000000780c00000, 0x0000000780d00000, 0x0000000780d00000|100%| O|  |TAMS 0x0000000780d00000, 0x0000000780c00000| Complete 
|  13|0x0000000780d00000, 0x0000000780e00000, 0x0000000780e00000|100%| O|  |TAMS 0x0000000780e00000, 0x0000000780d00000| Untracked 
|  14|0x0000000780e00000, 0x0000000780f00000, 0x0000000780f00000|100%| O|  |TAMS 0x0000000780f00000, 0x0000000780e00000| Untracked 
|  15|0x0000000780f00000, 0x0000000781000000, 0x0000000781000000|100%| O|  |TAMS 0x0000000781000000, 0x0000000780f00000| Untracked 
|  16|0x0000000781000000, 0x0000000781100000, 0x0000000781100000|100%| O|  |TAMS 0x0000000781087c00, 0x0000000781000000| Untracked 
|  17|0x0000000781100000, 0x0000000781120400, 0x0000000781200000| 12%| O|  |TAMS 0x0000000781100000, 0x0000000781100000| Untracked 
|  18|0x0000000781200000, 0x0000000781200000, 0x0000000781300000|  0%| F|  |TAMS 0x0000000781200000, 0x0000000781200000| Untracked 
|  19|0x0000000781300000, 0x0000000781300000, 0x0000000781400000|  0%| F|  |TAMS 0x0000000781300000, 0x0000000781300000| Untracked 
|  20|0x0000000781400000, 0x0000000781400000, 0x0000000781500000|  0%| F|  |TAMS 0x0000000781400000, 0x0000000781400000| Untracked 
|  21|0x0000000781500000, 0x0000000781500000, 0x0000000781600000|  0%| F|  |TAMS 0x0000000781500000, 0x0000000781500000| Untracked 
|  22|0x0000000781600000, 0x0000000781600000, 0x0000000781700000|  0%| F|  |TAMS 0x0000000781600000, 0x0000000781600000| Untracked 
|  23|0x0000000781700000, 0x0000000781700000, 0x0000000781800000|  0%| F|  |TAMS 0x0000000781700000, 0x0000000781700000| Untracked 
|  24|0x0000000781800000, 0x0000000781800000, 0x0000000781900000|  0%| F|  |TAMS 0x0000000781800000, 0x0000000781800000| Untracked 
|  25|0x0000000781900000, 0x0000000781900000, 0x0000000781a00000|  0%| F|  |TAMS 0x0000000781900000, 0x0000000781900000| Untracked 
|  26|0x0000000781a00000, 0x0000000781ab4530, 0x0000000781b00000| 70%| S|CS|TAMS 0x0000000781a00000, 0x0000000781a00000| Complete 
|  27|0x0000000781b00000, 0x0000000781b00000, 0x0000000781c00000|  0%| F|  |TAMS 0x0000000781b00000, 0x0000000781b00000| Untracked 
|  28|0x0000000781c00000, 0x0000000781c00000, 0x0000000781d00000|  0%| F|  |TAMS 0x0000000781c00000, 0x0000000781c00000| Untracked 
|  29|0x0000000781d00000, 0x0000000781d00000, 0x0000000781e00000|  0%| F|  |TAMS 0x0000000781d00000, 0x0000000781d00000| Untracked 
|  30|0x0000000781e00000, 0x0000000781e00000, 0x0000000781f00000|  0%| F|  |TAMS 0x0000000781e00000, 0x0000000781e00000| Untracked 
|  31|0x0000000781f00000, 0x0000000781f00000, 0x0000000782000000|  0%| F|  |TAMS 0x0000000781f00000, 0x0000000781f00000| Untracked 
| 125|0x0000000787d00000, 0x0000000787d00000, 0x0000000787e00000|  0%| F|  |TAMS 0x0000000787d00000, 0x0000000787d00000| Untracked 
| 127|0x0000000787f00000, 0x0000000787f7a9f0, 0x0000000788000000| 47%| E|  |TAMS 0x0000000787f00000, 0x0000000787f00000| Complete 

Card table byte_map: [0x0000000104071000,0x0000000104471000] _byte_map_base: 0x0000000100471000

Marking Bits (Prev, Next): (CMBitMap*) 0x00007fb40e000018, (CMBitMap*) 0x00007fb40e000058
 Prev Bits: [0x0000000104871000, 0x0000000106871000)
 Next Bits: [0x000000011fb49000, 0x0000000121b49000)

Polling page: 0x000000010110a000

Metaspace:

Usage:
  Non-class:     18.73 MB capacity,    18.50 MB ( 99%) used,   185.74 KB ( <1%) free+waste,    46.38 KB ( <1%) overhead. 
      Class:      2.39 MB capacity,     2.23 MB ( 93%) used,   145.72 KB (  6%) free+waste,    24.00 KB ( <1%) overhead. 
       Both:     21.12 MB capacity,    20.73 MB ( 98%) used,   331.46 KB (  2%) free+waste,    70.38 KB ( <1%) overhead. 

Virtual space:
  Non-class space:       20.00 MB reserved,      19.00 MB ( 95%) committed 
      Class space:        1.00 GB reserved,       2.50 MB ( <1%) committed 
             Both:        1.02 GB reserved,      21.50 MB (  2%) committed 

Chunk freelists:
   Non-Class:  7.88 KB
       Class:  1.75 KB
        Both:  9.62 KB

CodeHeap 'non-profiled nmethods': size=120032Kb used=2343Kb max_used=2343Kb free=117688Kb
 bounds [0x0000000118611000, 0x0000000118881000, 0x000000011fb49000]
CodeHeap 'profiled nmethods': size=120028Kb used=6909Kb max_used=6909Kb free=113118Kb
 bounds [0x00000001110da000, 0x00000001117aa000, 0x0000000118611000]
CodeHeap 'non-nmethods': size=5700Kb used=1255Kb max_used=1331Kb free=4444Kb
 bounds [0x0000000110b49000, 0x0000000110db9000, 0x00000001110da000]
 total_blobs=4696 nmethods=3105 adapters=559
 compilation: enabled
              stopped_count=0, restarted_count=0
 full_count=0

Compilation events (10 events):
Event: 2023.107 Thread 0x00007fb40e010800 nmethod 3168 0x0000000118859c90 code [0x0000000118859e40, 0x0000000118859ee8]
Event: 2023.108 Thread 0x00007fb40b01c800 3169   !   3       sun.java2d.Disposer::clearDeferredRecords (70 bytes)
Event: 2023.109 Thread 0x00007fb40b01c800 nmethod 3169 0x0000000111792c10 code [0x0000000111792ea0, 0x0000000111793b28]
Event: 2023.109 Thread 0x00007fb40b01c800 3170       3       sun.java2d.DefaultDisposerRecord::dispose (12 bytes)
Event: 2023.109 Thread 0x00007fb40b01c800 nmethod 3170 0x0000000111794090 code [0x0000000111794240, 0x00000001117943c8]
Event: 2023.110 Thread 0x00007fb40b01c800 3171       3       java.util.concurrent.locks.LockSupport::park (23 bytes)
Event: 2023.110 Thread 0x00007fb40b01c800 nmethod 3171 0x0000000111794490 code [0x0000000111794660, 0x00000001117949a8]
Event: 2023.110 Thread 0x00007fb40e177000 nmethod 3164 0x000000011885a010 code [0x000000011885a1c0, 0x000000011885a698]
Event: 2023.111 Thread 0x00007fb40b01c800 3172   !   3       sun.java2d.opengl.OGLSurfaceData::dispose (68 bytes)
Event: 2023.115 Thread 0x00007fb40b01c800 nmethod 3172 0x0000000111794a90 code [0x0000000111795180, 0x0000000111799498]

GC Heap History (10 events):
Event: 2021.615 GC heap before
{Heap before GC invocations=4 (full 0):
 garbage-first heap   total 34816K, used 18232K [0x0000000780000000, 0x0000000800000000)
  region size 1024K, 12 young (12288K), 4 survivors (4096K)
 Metaspace       used 21072K, capacity 21494K, committed 21760K, reserved 1069056K
  class space    used 2280K, capacity 2450K, committed 2560K, reserved 1048576K
}
Event: 2021.616 GC heap after
{Heap after GC invocations=5 (full 0):
 garbage-first heap   total 34816K, used 11853K [0x0000000780000000, 0x0000000800000000)
  region size 1024K, 2 young (2048K), 2 survivors (2048K)
 Metaspace       used 21072K, capacity 21494K, committed 21760K, reserved 1069056K
  class space    used 2280K, capacity 2450K, committed 2560K, reserved 1048576K
}
Event: 2022.155 GC heap before
{Heap before GC invocations=5 (full 0):
 garbage-first heap   total 34816K, used 19021K [0x0000000780000000, 0x0000000800000000)
  region size 1024K, 10 young (10240K), 2 survivors (2048K)
 Metaspace       used 21116K, capacity 21562K, committed 21760K, reserved 1069056K
  class space    used 2280K, capacity 2450K, committed 2560K, reserved 1048576K
}
Event: 2022.156 GC heap after
{Heap after GC invocations=6 (full 0):
 garbage-first heap   total 34816K, used 13373K [0x0000000780000000, 0x0000000800000000)
  region size 1024K, 2 young (2048K), 2 survivors (2048K)
 Metaspace       used 21116K, capacity 21562K, committed 21760K, reserved 1069056K
  class space    used 2280K, capacity 2450K, committed 2560K, reserved 1048576K
}
Event: 2022.425 GC heap before
{Heap before GC invocations=6 (full 0):
 garbage-first heap   total 34816K, used 19517K [0x0000000780000000, 0x0000000800000000)
  region size 1024K, 9 young (9216K), 2 survivors (2048K)
 Metaspace       used 21172K, capacity 21563K, committed 21760K, reserved 1069056K
  class space    used 2280K, capacity 2450K, committed 2560K, reserved 1048576K
}
Event: 2022.426 GC heap after
{Heap after GC invocations=7 (full 0):
 garbage-first heap   total 34816K, used 15971K [0x0000000780000000, 0x0000000800000000)
  region size 1024K, 2 young (2048K), 2 survivors (2048K)
 Metaspace       used 21172K, capacity 21563K, committed 21760K, reserved 1069056K
  class space    used 2280K, capacity 2450K, committed 2560K, reserved 1048576K
}
Event: 2022.751 GC heap before
{Heap before GC invocations=7 (full 0):
 garbage-first heap   total 34816K, used 22115K [0x0000000780000000, 0x0000000800000000)
  region size 1024K, 8 young (8192K), 2 survivors (2048K)
 Metaspace       used 21192K, capacity 21627K, committed 22016K, reserved 1069056K
  class space    used 2280K, capacity 2450K, committed 2560K, reserved 1048576K
}
Event: 2022.752 GC heap after
{Heap after GC invocations=8 (full 0):
 garbage-first heap   total 34816K, used 16599K [0x0000000780000000, 0x0000000800000000)
  region size 1024K, 1 young (1024K), 1 survivors (1024K)
 Metaspace       used 21192K, capacity 21627K, committed 22016K, reserved 1069056K
  class space    used 2280K, capacity 2450K, committed 2560K, reserved 1048576K
}
Event: 2023.099 GC heap before
{Heap before GC invocations=8 (full 0):
 garbage-first heap   total 34816K, used 22743K [0x0000000780000000, 0x0000000800000000)
  region size 1024K, 7 young (7168K), 1 survivors (1024K)
 Metaspace       used 21221K, capacity 21627K, committed 22016K, reserved 1069056K
  class space    used 2280K, capacity 2450K, committed 2560K, reserved 1048576K
}
Event: 2023.100 GC heap after
{Heap after GC invocations=9 (full 0):
 garbage-first heap   total 34816K, used 17282K [0x0000000780000000, 0x0000000800000000)
  region size 1024K, 1 young (1024K), 1 survivors (1024K)
 Metaspace       used 21221K, capacity 21627K, committed 22016K, reserved 1069056K
  class space    used 2280K, capacity 2450K, committed 2560K, reserved 1048576K
}

Deoptimization events (10 events):
Event: 2020.849 Thread 0x00007fb40d91a000 Uncommon trap: reason=class_check action=maybe_recompile pc=0x0000000118727d4c method=sun.java2d.SurfaceData.getSourceSurfaceData(Ljava/awt/Image;ILsun/java2d/loops/CompositeType;Ljava/awt/Color;)Lsun/java2d/SurfaceData; @ 78 c2
Event: 2021.196 Thread 0x00007fb40d91a000 Uncommon trap: reason=unstable_if action=reinterpret pc=0x00000001186d6cb8 method=sun.java2d.pipe.BufferedContext.validate(Lsun/java2d/pipe/hw/AccelSurface;Lsun/java2d/pipe/hw/AccelSurface;Lsun/java2d/pipe/Region;Ljava/awt/Composite;Ljava/awt/geom/AffineT
Event: 2022.125 Thread 0x00007fb40d91a000 Uncommon trap: reason=class_check action=make_not_entrant pc=0x00000001187d9e50 method=java.util.ArrayList.toArray([Ljava/lang/Object;)[Ljava/lang/Object; @ 21 c2
Event: 2022.238 Thread 0x00007fb40d91a000 Uncommon trap: reason=intrinsic_or_type_checked_inlining action=make_not_entrant pc=0x00000001187f1e7c method=java.util.Arrays.copyOf([Ljava/lang/Object;ILjava/lang/Class;)[Ljava/lang/Object; @ 35 c2
Event: 2022.328 Thread 0x00007fb40d91a000 Uncommon trap: reason=unstable_if action=reinterpret pc=0x0000000118720f18 method=java.awt.geom.Rectangle2D.intersects(DDDD)Z @ 11 c2
Event: 2022.799 Thread 0x00007fb40d91a000 Uncommon trap: reason=class_check action=maybe_recompile pc=0x000000011883fcb0 method=jdk.internal.misc.Unsafe.allocateUninitializedArray(Ljava/lang/Class;I)Ljava/lang/Object; @ 48 c2
Event: 2022.799 Thread 0x00007fb40d91a000 Uncommon trap: reason=class_check action=maybe_recompile pc=0x000000011883fcb0 method=jdk.internal.misc.Unsafe.allocateUninitializedArray(Ljava/lang/Class;I)Ljava/lang/Object; @ 48 c2
Event: 2022.799 Thread 0x00007fb40d91a000 Uncommon trap: reason=class_check action=maybe_recompile pc=0x000000011883fcb0 method=jdk.internal.misc.Unsafe.allocateUninitializedArray(Ljava/lang/Class;I)Ljava/lang/Object; @ 48 c2
Event: 2022.799 Thread 0x00007fb40d91a000 Uncommon trap: reason=class_check action=maybe_recompile pc=0x000000011883fcb0 method=jdk.internal.misc.Unsafe.allocateUninitializedArray(Ljava/lang/Class;I)Ljava/lang/Object; @ 48 c2
Event: 2023.044 Thread 0x00007fb40d91a000 Uncommon trap: reason=unstable_if action=reinterpret pc=0x000000011875caac method=javax.swing.SwingUtilities.computeIntersection(IIIILjava/awt/Rectangle;)Ljava/awt/Rectangle; @ 151 c2

Classes redefined (0 events):
No events

Internal exceptions (10 events):
Event: 1943.962 Thread 0x00007fb40d91a000 Exception <a 'java/lang/NullPointerException'{0x00000007872d0ac0}> (0x00000007872d0ac0) thrown at [../../src/hotspot/share/prims/jni.cpp, line 636]
Event: 1943.972 Thread 0x00007fb40d91a000 Exception <a 'java/lang/NoSuchMethodError'{0x00000007872ec1d8}: java.lang.invoke.DirectMethodHandle$Holder.invokeStatic(Ljava/lang/Object;Ljava/lang/Object;II)Ljava/lang/Object;> (0x00000007872ec1d8) thrown at [../../src/hotspot/share/interpreter/linkReso
Event: 1943.973 Thread 0x00007fb40d91a000 Exception <a 'java/lang/NoSuchMethodError'{0x00000007872f2748}: java.lang.invoke.Invokers$Holder.linkToTargetMethod(Ljava/lang/Object;IILjava/lang/Object;)Ljava/lang/Object;> (0x00000007872f2748) thrown at [../../src/hotspot/share/interpreter/linkResolver
Event: 1944.017 Thread 0x00007fb40d91a000 Exception <a 'java/lang/NoSuchMethodError'{0x000000078701d788}: java.lang.invoke.DirectMethodHandle$Holder.invokeStatic(Ljava/lang/Object;Ljava/lang/Object;JLjava/lang/Object;)Ljava/lang/Object;> (0x000000078701d788) thrown at [../../src/hotspot/share/int
Event: 1944.018 Thread 0x00007fb40d91a000 Exception <a 'java/lang/NoSuchMethodError'{0x00000007870209c0}: java.lang.invoke.DirectMethodHandle$Holder.invokeStaticInit(Ljava/lang/Object;Ljava/lang/Object;JLjava/lang/Object;)Ljava/lang/Object;> (0x00000007870209c0) thrown at [../../src/hotspot/share
Event: 1944.018 Thread 0x00007fb40d91a000 Exception <a 'java/lang/NoSuchMethodError'{0x0000000787026600}: java.lang.invoke.Invokers$Holder.linkToTargetMethod(Ljava/lang/Object;JLjava/lang/Object;)Ljava/lang/Object;> (0x0000000787026600) thrown at [../../src/hotspot/share/interpreter/linkResolver.
Event: 1944.023 Thread 0x00007fb40d91a000 Exception <a 'java/lang/NoSuchMethodError'{0x000000078702c7c0}: java.lang.invoke.DirectMethodHandle$Holder.invokeStatic(Ljava/lang/Object;Ljava/lang/Object;Ljava/lang/Object;I)Ljava/lang/Object;> (0x000000078702c7c0) thrown at [../../src/hotspot/share/int
Event: 1944.023 Thread 0x00007fb40d91a000 Exception <a 'java/lang/NoSuchMethodError'{0x00000007870301a8}: java.lang.invoke.DirectMethodHandle$Holder.invokeSpecial(Ljava/lang/Object;Ljava/lang/Object;Ljava/lang/Object;Ljava/lang/Object;I)Ljava/lang/Object;> (0x00000007870301a8) thrown at [../../sr
Event: 1944.023 Thread 0x00007fb40d91a000 Exception <a 'java/lang/NoSuchMethodError'{0x0000000787033508}: java.lang.invoke.Invokers$Holder.linkToTargetMethod(Ljava/lang/Object;Ljava/lang/Object;ILjava/lang/Object;)Ljava/lang/Object;> (0x0000000787033508) thrown at [../../src/hotspot/share/interpr
Event: 2021.196 Thread 0x00007fb40d91a000 Implicit null exception at 0x00000001186d5264 to 0x00000001186d6c7a

Events (10 events):
Event: 2022.799 Thread 0x00007fb40d91a000 DEOPT UNPACKING pc=0x0000000110b722a5 sp=0x00007000070c60a8 mode 2
Event: 2023.044 Thread 0x00007fb40d91a000 Uncommon trap: trap_request=0xffffff4d fr.pc=0x000000011875caac relative=0x000000000000008c
Event: 2023.044 Thread 0x00007fb40d91a000 DEOPT PACKING pc=0x000000011875caac sp=0x00007000070c82f0
Event: 2023.044 Thread 0x00007fb40d91a000 DEOPT UNPACKING pc=0x0000000110b722a5 sp=0x00007000070c8278 mode 2
Event: 2023.099 Executing VM operation: G1CollectForAllocation
Event: 2023.100 Executing VM operation: G1CollectForAllocation done
Event: 2023.105 Executing VM operation: G1Concurrent
Event: 2023.106 Executing VM operation: G1Concurrent done
Event: 2023.109 Executing VM operation: G1Concurrent
Event: 2023.109 Executing VM operation: G1Concurrent done


Dynamic libraries:
0x00007fff6c6b8000 	/usr/lib/libz.1.dylib
0x0000000101094000 	/Library/Java/JavaVirtualMachines/adoptopenjdk-12.jdk/Contents/Home/lib/libjli.dylib
0x00007fff34ea0000 	/System/Library/Frameworks/Cocoa.framework/Versions/A/Cocoa
0x00007fff4246c000 	/System/Library/Frameworks/Security.framework/Versions/A/Security
0x00007fff33e2b000 	/System/Library/Frameworks/ApplicationServices.framework/Versions/A/ApplicationServices
0x00007fff6a18b000 	/usr/lib/libSystem.B.dylib
0x00007fff6d12e000 	/usr/lib/system/libcache.dylib
0x00007fff6d134000 	/usr/lib/system/libcommonCrypto.dylib
0x00007fff6d140000 	/usr/lib/system/libcompiler_rt.dylib
0x00007fff6d148000 	/usr/lib/system/libcopyfile.dylib
0x00007fff6d152000 	/usr/lib/system/libcorecrypto.dylib
0x00007fff6d300000 	/usr/lib/system/libdispatch.dylib
0x00007fff6d342000 	/usr/lib/system/libdyld.dylib
0x00007fff6d378000 	/usr/lib/system/libkeymgr.dylib
0x00007fff6d386000 	/usr/lib/system/liblaunch.dylib
0x00007fff6d387000 	/usr/lib/system/libmacho.dylib
0x00007fff6d38d000 	/usr/lib/system/libquarantine.dylib
0x00007fff6d390000 	/usr/lib/system/libremovefile.dylib
0x00007fff6d392000 	/usr/lib/system/libsystem_asl.dylib
0x00007fff6d3aa000 	/usr/lib/system/libsystem_blocks.dylib
0x00007fff6d3ab000 	/usr/lib/system/libsystem_c.dylib
0x00007fff6d433000 	/usr/lib/system/libsystem_configuration.dylib
0x00007fff6d437000 	/usr/lib/system/libsystem_coreservices.dylib
0x00007fff6d43b000 	/usr/lib/system/libsystem_darwin.dylib
0x00007fff6d444000 	/usr/lib/system/libsystem_dnssd.dylib
0x00007fff6d44c000 	/usr/lib/system/libsystem_featureflags.dylib
0x00007fff6d44e000 	/usr/lib/system/libsystem_info.dylib
0x00007fff6d4c9000 	/usr/lib/system/libsystem_m.dylib
0x00007fff6d511000 	/usr/lib/system/libsystem_malloc.dylib
0x00007fff6d539000 	/usr/lib/system/libsystem_networkextension.dylib
0x00007fff6d547000 	/usr/lib/system/libsystem_notify.dylib
0x00007fff6d566000 	/usr/lib/system/libsystem_sandbox.dylib
0x00007fff6d56b000 	/usr/lib/system/libsystem_secinit.dylib
0x00007fff6d49c000 	/usr/lib/system/libsystem_kernel.dylib
0x00007fff6d551000 	/usr/lib/system/libsystem_platform.dylib
0x00007fff6d55b000 	/usr/lib/system/libsystem_pthread.dylib
0x00007fff6d56e000 	/usr/lib/system/libsystem_symptoms.dylib
0x00007fff6d576000 	/usr/lib/system/libsystem_trace.dylib
0x00007fff6d58e000 	/usr/lib/system/libunwind.dylib
0x00007fff6d594000 	/usr/lib/system/libxpc.dylib
0x00007fff6bfdc000 	/usr/lib/libobjc.A.dylib
0x00007fff6a4c5000 	/usr/lib/libc++abi.dylib
0x00007fff6a471000 	/usr/lib/libc++.1.dylib
0x00007fff35e16000 	/System/Library/Frameworks/CoreFoundation.framework/Versions/A/CoreFoundation
0x00007fff384db000 	/System/Library/Frameworks/Foundation.framework/Versions/C/Foundation
0x00007fff33020000 	/System/Library/Frameworks/AppKit.framework/Versions/C/AppKit
0x00007fff35923000 	/System/Library/Frameworks/CoreData.framework/Versions/A/CoreData
0x00007fff66a36000 	/System/Library/PrivateFrameworks/UIFoundation.framework/Versions/A/UIFoundation
0x00007fff61221000 	/System/Library/PrivateFrameworks/RemoteViewServices.framework/Versions/A/RemoteViewServices
0x00007fff694c6000 	/System/Library/PrivateFrameworks/XCTTargetBootstrap.framework/Versions/A/XCTTargetBootstrap
0x00007fff35d06000 	/System/Library/Frameworks/CoreDisplay.framework/Versions/A/CoreDisplay
0x00007fff3b253000 	/System/Library/Frameworks/Metal.framework/Versions/A/Metal
0x00007fff4f658000 	/System/Library/PrivateFrameworks/DesktopServicesPriv.framework/Versions/A/DesktopServicesPriv
0x00007fff6b2c1000 	/usr/lib/liblangid.dylib
0x00007fff4e7af000 	/System/Library/PrivateFrameworks/CoreSVG.framework/Versions/A/CoreSVG
0x00007fff63fe3000 	/System/Library/PrivateFrameworks/SkyLight.framework/Versions/A/SkyLight
0x00007fff36298000 	/System/Library/Frameworks/CoreGraphics.framework/Versions/A/CoreGraphics
0x00007fff31bbf000 	/System/Library/Frameworks/Accelerate.framework/Versions/A/Accelerate
0x00007fff6c5a9000 	/usr/lib/libxml2.2.dylib
0x00007fff5a360000 	/System/Library/PrivateFrameworks/IconServices.framework/Versions/A/IconServices
0x00007fff38cbf000 	/System/Library/Frameworks/IOSurface.framework/Versions/A/IOSurface
0x00007fff69cc3000 	/usr/lib/libDiagnosticMessagesClient.dylib
0x00007fff4f4d1000 	/System/Library/PrivateFrameworks/DFRFoundation.framework/Versions/A/DFRFoundation
0x00007fff6b04f000 	/usr/lib/libicucore.A.dylib
0x00007fff3415d000 	/System/Library/Frameworks/AudioToolbox.framework/Versions/A/AudioToolbox
0x00007fff3423f000 	/System/Library/Frameworks/AudioUnit.framework/Versions/A/AudioUnit
0x00007fff6a38c000 	/usr/lib/libauto.dylib
0x00007fff4f552000 	/System/Library/PrivateFrameworks/DataDetectorsCore.framework/Versions/A/DataDetectorsCore
0x00007fff349c0000 	/System/Library/Frameworks/Carbon.framework/Versions/A/Frameworks/HIToolbox.framework/Versions/A/HIToolbox
0x00007fff4169e000 	/System/Library/Frameworks/QuartzCore.framework/Versions/A/QuartzCore
0x00007fff34cff000 	/System/Library/Frameworks/Carbon.framework/Versions/A/Frameworks/SpeechRecognition.framework/Versions/A/SpeechRecognition
0x00007fff4ee57000 	/System/Library/PrivateFrameworks/CoreUI.framework/Versions/A/CoreUI
0x00007fff35389000 	/System/Library/Frameworks/CoreAudio.framework/Versions/A/CoreAudio
0x00007fff381a3000 	/System/Library/Frameworks/DiskArbitration.framework/Versions/A/DiskArbitration
0x00007fff5c374000 	/System/Library/PrivateFrameworks/MultitouchSupport.framework/Versions/A/MultitouchSupport
0x00007fff6af15000 	/usr/lib/libenergytrace.dylib
0x00007fff38c1a000 	/System/Library/Frameworks/IOKit.framework/Versions/A/IOKit
0x00007fff37206000 	/System/Library/Frameworks/CoreServices.framework/Versions/A/CoreServices
0x00007fff5e47e000 	/System/Library/PrivateFrameworks/PerformanceAnalysis.framework/Versions/A/PerformanceAnalysis
0x00007fff406d4000 	/System/Library/Frameworks/OpenGL.framework/Versions/A/OpenGL
0x00007fff34eae000 	/System/Library/Frameworks/ColorSync.framework/Versions/A/ColorSync
0x00007fff3691f000 	/System/Library/Frameworks/CoreImage.framework/Versions/A/CoreImage
0x00007fff37c7c000 	/System/Library/Frameworks/CoreText.framework/Versions/A/CoreText
0x00007fff38d45000 	/System/Library/Frameworks/ImageIO.framework/Versions/A/ImageIO
0x00007fff6a4ed000 	/usr/lib/libcompression.dylib
0x00007fff6a005000 	/usr/lib/libMobileGestalt.dylib
0x00007fff65b18000 	/System/Library/PrivateFrameworks/TextureIO.framework/Versions/A/TextureIO
0x00007fff6a2f2000 	/usr/lib/libate.dylib
0x00007fff5a569000 	/System/Library/PrivateFrameworks/InternationalSupport.framework/Versions/A/InternationalSupport
0x00007fff6b2c3000 	/usr/lib/liblzma.5.dylib
0x00007fff6af3d000 	/usr/lib/libfakelink.dylib
0x00007fff6a27f000 	/usr/lib/libarchive.2.dylib
0x00007fff4360c000 	/System/Library/Frameworks/SystemConfiguration.framework/Versions/A/SystemConfiguration
0x00007fff69bf4000 	/usr/lib/libCRFSuite.dylib
0x00007fff345b5000 	/System/Library/Frameworks/CFNetwork.framework/Versions/A/CFNetwork
0x00007fff6a453000 	/usr/lib/libbsm.0.dylib
0x00007fff6d379000 	/usr/lib/system/libkxld.dylib
0x00007fff48f93000 	/System/Library/PrivateFrameworks/AppleFSCompression.framework/Versions/A/AppleFSCompression
0x00007fff6a7d4000 	/usr/lib/libcoretls.dylib
0x00007fff6a7eb000 	/usr/lib/libcoretls_cfhelpers.dylib
0x00007fff6c020000 	/usr/lib/libpam.2.dylib
0x00007fff6c153000 	/usr/lib/libsqlite3.dylib
0x00007fff6c596000 	/usr/lib/libxar.1.dylib
0x00007fff6a464000 	/usr/lib/libbz2.1.0.dylib
0x00007fff6af5e000 	/usr/lib/libiconv.2.dylib
0x00007fff6a4da000 	/usr/lib/libcharset.1.dylib
0x00007fff6bac7000 	/usr/lib/libnetwork.dylib
0x00007fff6c027000 	/usr/lib/libpcap.A.dylib
0x00007fff6a234000 	/usr/lib/libapple_nghttp2.dylib
0x00007fff375bd000 	/System/Library/Frameworks/CoreServices.framework/Versions/A/Frameworks/FSEvents.framework/Versions/A/FSEvents
0x00007fff3728d000 	/System/Library/Frameworks/CoreServices.framework/Versions/A/Frameworks/CarbonCore.framework/Versions/A/CarbonCore
0x00007fff37800000 	/System/Library/Frameworks/CoreServices.framework/Versions/A/Frameworks/Metadata.framework/Versions/A/Metadata
0x00007fff37899000 	/System/Library/Frameworks/CoreServices.framework/Versions/A/Frameworks/OSServices.framework/Versions/A/OSServices
0x00007fff378c7000 	/System/Library/Frameworks/CoreServices.framework/Versions/A/Frameworks/SearchKit.framework/Versions/A/SearchKit
0x00007fff37207000 	/System/Library/Frameworks/CoreServices.framework/Versions/A/Frameworks/AE.framework/Versions/A/AE
0x00007fff375c6000 	/System/Library/Frameworks/CoreServices.framework/Versions/A/Frameworks/LaunchServices.framework/Versions/A/LaunchServices
0x00007fff3756f000 	/System/Library/Frameworks/CoreServices.framework/Versions/A/Frameworks/DictionaryServices.framework/Versions/A/DictionaryServices
0x00007fff3792f000 	/System/Library/Frameworks/CoreServices.framework/Versions/A/Frameworks/SharedFileList.framework/Versions/A/SharedFileList
0x00007fff3c528000 	/System/Library/Frameworks/NetFS.framework/Versions/A/NetFS
0x00007fff5c8a1000 	/System/Library/PrivateFrameworks/NetAuth.framework/Versions/A/NetAuth
0x00007fff69891000 	/System/Library/PrivateFrameworks/login.framework/Versions/A/Frameworks/loginsupport.framework/Versions/A/loginsupport
0x00007fff65613000 	/System/Library/PrivateFrameworks/TCC.framework/Versions/A/TCC
0x00007fff4db7e000 	/System/Library/PrivateFrameworks/CoreNLP.framework/Versions/A/CoreNLP
0x00007fff5bda4000 	/System/Library/PrivateFrameworks/MetadataUtilities.framework/Versions/A/MetadataUtilities
0x00007fff6b39b000 	/usr/lib/libmecabra.dylib
0x00007fff6b2f3000 	/usr/lib/libmecab.dylib
0x00007fff6af4e000 	/usr/lib/libgermantok.dylib
0x00007fff6a21b000 	/usr/lib/libThaiTokenizer.dylib
0x00007fff69c2c000 	/usr/lib/libChineseTokenizer.dylib
0x00007fff31bd7000 	/System/Library/Frameworks/Accelerate.framework/Versions/A/Frameworks/vImage.framework/Versions/A/vImage
0x00007fff32e7a000 	/System/Library/Frameworks/Accelerate.framework/Versions/A/Frameworks/vecLib.framework/Versions/A/vecLib
0x00007fff32dbe000 	/System/Library/Frameworks/Accelerate.framework/Versions/A/Frameworks/vecLib.framework/Versions/A/libvMisc.dylib
0x00007fff32be4000 	/System/Library/Frameworks/Accelerate.framework/Versions/A/Frameworks/vecLib.framework/Versions/A/libvDSP.dylib
0x00007fff32243000 	/System/Library/Frameworks/Accelerate.framework/Versions/A/Frameworks/vecLib.framework/Versions/A/libBLAS.dylib
0x00007fff3279e000 	/System/Library/Frameworks/Accelerate.framework/Versions/A/Frameworks/vecLib.framework/Versions/A/libLAPACK.dylib
0x00007fff32b44000 	/System/Library/Frameworks/Accelerate.framework/Versions/A/Frameworks/vecLib.framework/Versions/A/libLinearAlgebra.dylib
0x00007fff32bd1000 	/System/Library/Frameworks/Accelerate.framework/Versions/A/Frameworks/vecLib.framework/Versions/A/libSparseBLAS.dylib
0x00007fff32b5a000 	/System/Library/Frameworks/Accelerate.framework/Versions/A/Frameworks/vecLib.framework/Versions/A/libQuadrature.dylib
0x00007fff324ad000 	/System/Library/Frameworks/Accelerate.framework/Versions/A/Frameworks/vecLib.framework/Versions/A/libBNNS.dylib
0x00007fff32b60000 	/System/Library/Frameworks/Accelerate.framework/Versions/A/Frameworks/vecLib.framework/Versions/A/libSparse.dylib
0x00007fff5a928000 	/System/Library/PrivateFrameworks/LanguageModeling.framework/Versions/A/LanguageModeling
0x00007fff4d51a000 	/System/Library/PrivateFrameworks/CoreEmoji.framework/Versions/A/CoreEmoji
0x00007fff5aa46000 	/System/Library/PrivateFrameworks/LinguisticData.framework/Versions/A/LinguisticData
0x00007fff5a9f7000 	/System/Library/PrivateFrameworks/Lexicon.framework/Versions/A/Lexicon
0x00007fff6a4db000 	/usr/lib/libcmph.dylib
0x00007fff3f0fa000 	/System/Library/Frameworks/OpenDirectory.framework/Versions/A/Frameworks/CFOpenDirectory.framework/Versions/A/CFOpenDirectory
0x00007fff3f117000 	/System/Library/Frameworks/OpenDirectory.framework/Versions/A/OpenDirectory
0x00007fff473e5000 	/System/Library/PrivateFrameworks/APFS.framework/Versions/A/APFS
0x00007fff427bf000 	/System/Library/Frameworks/SecurityFoundation.framework/Versions/A/SecurityFoundation
0x00007fff6c592000 	/usr/lib/libutil.dylib
0x00007fff4e807000 	/System/Library/PrivateFrameworks/CoreServicesStore.framework/Versions/A/CoreServicesStore
0x00007fff42877000 	/System/Library/Frameworks/ServiceManagement.framework/Versions/A/ServiceManagement
0x00007fff4a74a000 	/System/Library/PrivateFrameworks/BackgroundTaskManagement.framework/Versions/A/BackgroundTaskManagement
0x00007fff6c68f000 	/usr/lib/libxslt.1.dylib
0x00007fff495f8000 	/System/Library/PrivateFrameworks/AppleSystemInfo.framework/Versions/A/AppleSystemInfo
0x00007fff38f62000 	/System/Library/Frameworks/ImageIO.framework/Versions/A/Resources/libJPEG.dylib
0x00007fff39221000 	/System/Library/Frameworks/ImageIO.framework/Versions/A/Resources/libTIFF.dylib
0x00007fff39204000 	/System/Library/Frameworks/ImageIO.framework/Versions/A/Resources/libPng.dylib
0x00007fff38ea3000 	/System/Library/Frameworks/ImageIO.framework/Versions/A/Resources/libGIF.dylib
0x00007fff38ea7000 	/System/Library/Frameworks/ImageIO.framework/Versions/A/Resources/libJP2.dylib
0x00007fff3921f000 	/System/Library/Frameworks/ImageIO.framework/Versions/A/Resources/libRadiance.dylib
0x00007fff6af16000 	/usr/lib/libexpat.1.dylib
0x00007fff490ee000 	/System/Library/PrivateFrameworks/AppleJPEG.framework/Versions/A/AppleJPEG
0x00007fff51a5e000 	/System/Library/PrivateFrameworks/FontServices.framework/libFontParser.dylib
0x00007fff688e8000 	/System/Library/PrivateFrameworks/WatchdogClient.framework/Versions/A/WatchdogClient
0x00007fff59fb5000 	/System/Library/PrivateFrameworks/IOAccelerator.framework/Versions/A/IOAccelerator
0x00007fff3b5e1000 	/System/Library/Frameworks/MetalPerformanceShaders.framework/Versions/A/MetalPerformanceShaders
0x00007fff567ac000 	/System/Library/PrivateFrameworks/GPUWrangler.framework/Versions/A/GPUWrangler
0x00007fff59fc0000 	/System/Library/PrivateFrameworks/IOPresentment.framework/Versions/A/IOPresentment
0x00007fff4f4e4000 	/System/Library/PrivateFrameworks/DSExternalDisplay.framework/Versions/A/DSExternalDisplay
0x00007fff3fa80000 	/System/Library/Frameworks/OpenGL.framework/Versions/A/Libraries/libCoreFSCache.dylib
0x00007fff3b333000 	/System/Library/Frameworks/MetalPerformanceShaders.framework/Frameworks/MPSCore.framework/Versions/A/MPSCore
0x00007fff3b370000 	/System/Library/Frameworks/MetalPerformanceShaders.framework/Frameworks/MPSImage.framework/Versions/A/MPSImage
0x00007fff3b432000 	/System/Library/Frameworks/MetalPerformanceShaders.framework/Frameworks/MPSNeuralNetwork.framework/Versions/A/MPSNeuralNetwork
0x00007fff3b3f7000 	/System/Library/Frameworks/MetalPerformanceShaders.framework/Frameworks/MPSMatrix.framework/Versions/A/MPSMatrix
0x00007fff3b592000 	/System/Library/Frameworks/MetalPerformanceShaders.framework/Frameworks/MPSRayIntersector.framework/Versions/A/MPSRayIntersector
0x00007fff3b41c000 	/System/Library/Frameworks/MetalPerformanceShaders.framework/Frameworks/MPSNDArray.framework/Versions/A/MPSNDArray
0x00007fff5bdf1000 	/System/Library/PrivateFrameworks/MetalTools.framework/Versions/A/MetalTools
0x00007fff4859c000 	/System/Library/PrivateFrameworks/AggregateDictionary.framework/Versions/A/AggregateDictionary
0x00007fff4cfa4000 	/System/Library/PrivateFrameworks/CoreAnalytics.framework/Versions/A/CoreAnalytics
0x00007fff49516000 	/System/Library/PrivateFrameworks/AppleSauce.framework/Versions/A/AppleSauce
0x00007fff69ee8000 	/usr/lib/libIOReport.dylib
0x00007fff37e31000 	/System/Library/Frameworks/CoreVideo.framework/Versions/A/CoreVideo
0x00007fff57c18000 	/System/Library/PrivateFrameworks/GraphVisualizer.framework/Versions/A/GraphVisualizer
0x00007fff50fdf000 	/System/Library/PrivateFrameworks/FaceCore.framework/Versions/A/FaceCore
0x00007fff3f0a1000 	/System/Library/Frameworks/OpenCL.framework/Versions/A/OpenCL
0x00007fff69d0a000 	/usr/lib/libFosl_dynamic.dylib
0x00007fff5d29c000 	/System/Library/PrivateFrameworks/OTSVG.framework/Versions/A/OTSVG
0x00007fff33f30000 	/System/Library/Frameworks/ApplicationServices.framework/Versions/A/Frameworks/ATS.framework/Versions/A/Resources/libFontRegistry.dylib
0x00007fff51c2f000 	/System/Library/PrivateFrameworks/FontServices.framework/libhvf.dylib
0x00007fff3fa8b000 	/System/Library/Frameworks/OpenGL.framework/Versions/A/Libraries/libGFXShared.dylib
0x00007fff3fc68000 	/System/Library/Frameworks/OpenGL.framework/Versions/A/Libraries/libGLU.dylib
0x00007fff3fa94000 	/System/Library/Frameworks/OpenGL.framework/Versions/A/Libraries/libGL.dylib
0x00007fff3fa9f000 	/System/Library/Frameworks/OpenGL.framework/Versions/A/Libraries/libGLImage.dylib
0x00007fff3fa7d000 	/System/Library/Frameworks/OpenGL.framework/Versions/A/Libraries/libCVMSPluginSupport.dylib
0x00007fff3fa86000 	/System/Library/Frameworks/OpenGL.framework/Versions/A/Libraries/libCoreVMClient.dylib
0x00007fff6b969000 	/usr/lib/libncurses.5.4.dylib
0x00007fff33e2c000 	/System/Library/Frameworks/ApplicationServices.framework/Versions/A/Frameworks/ATS.framework/Versions/A/ATS
0x00007fff33ff9000 	/System/Library/Frameworks/ApplicationServices.framework/Versions/A/Frameworks/ColorSyncLegacy.framework/Versions/A/ColorSyncLegacy
0x00007fff34098000 	/System/Library/Frameworks/ApplicationServices.framework/Versions/A/Frameworks/HIServices.framework/Versions/A/HIServices
0x00007fff340ef000 	/System/Library/Frameworks/ApplicationServices.framework/Versions/A/Frameworks/LangAnalysis.framework/Versions/A/LangAnalysis
0x00007fff340fe000 	/System/Library/Frameworks/ApplicationServices.framework/Versions/A/Frameworks/PrintCore.framework/Versions/A/PrintCore
0x00007fff34144000 	/System/Library/Frameworks/ApplicationServices.framework/Versions/A/Frameworks/QD.framework/Versions/A/QD
0x00007fff3414f000 	/System/Library/Frameworks/ApplicationServices.framework/Versions/A/Frameworks/SpeechSynthesis.framework/Versions/A/SpeechSynthesis
0x00007fff33fc9000 	/System/Library/Frameworks/ApplicationServices.framework/Versions/A/Frameworks/ATSUI.framework/Versions/A/ATSUI
0x00007fff6adaa000 	/usr/lib/libcups.2.dylib
0x00007fff3a690000 	/System/Library/Frameworks/Kerberos.framework/Versions/A/Kerberos
0x00007fff38910000 	/System/Library/Frameworks/GSS.framework/Versions/A/GSS
0x00007fff6c0df000 	/usr/lib/libresolv.9.dylib
0x00007fff57db9000 	/System/Library/PrivateFrameworks/Heimdal.framework/Versions/A/Heimdal
0x00007fff3a6a3000 	/System/Library/Frameworks/Kerberos.framework/Versions/A/Libraries/libHeimdalProxy.dylib
0x00007fff6af54000 	/usr/lib/libheimdal-asn1.dylib
0x00007fff4c44a000 	/System/Library/PrivateFrameworks/CommonAuth.framework/Versions/A/CommonAuth
0x00007fff49695000 	/System/Library/PrivateFrameworks/AssertionServices.framework/Versions/A/AssertionServices
0x00007fff4a238000 	/System/Library/PrivateFrameworks/AudioToolboxCore.framework/Versions/A/AudioToolboxCore
0x00007fff69542000 	/System/Library/PrivateFrameworks/caulk.framework/Versions/A/caulk
0x00007fff4a7f6000 	/System/Library/PrivateFrameworks/BaseBoard.framework/Versions/A/BaseBoard
0x00007fff613b0000 	/System/Library/PrivateFrameworks/RunningBoardServices.framework/Versions/A/RunningBoardServices
0x00007fff5e48a000 	/System/Library/PrivateFrameworks/PersistentConnection.framework/Versions/A/PersistentConnection
0x00007fff60dff000 	/System/Library/PrivateFrameworks/ProtocolBuffer.framework/Versions/A/ProtocolBuffer
0x00007fff4c46f000 	/System/Library/PrivateFrameworks/CommonUtilities.framework/Versions/A/CommonUtilities
0x00007fff4a979000 	/System/Library/PrivateFrameworks/Bom.framework/Versions/A/Bom
0x00007fff69bb7000 	/usr/lib/libAudioToolboxUtility.dylib
0x00007fff4a754000 	/System/Library/PrivateFrameworks/Backup.framework/Versions/A/Backup
0x00007fff4f254000 	/System/Library/PrivateFrameworks/CrashReporterSupport.framework/Versions/A/CrashReporterSupport
0x00007fff62ea7000 	/System/Library/PrivateFrameworks/Sharing.framework/Versions/A/Sharing
0x00007fff48e39000 	/System/Library/PrivateFrameworks/Apple80211.framework/Versions/A/Apple80211
0x00007fff4a476000 	/System/Library/PrivateFrameworks/AuthKit.framework/Versions/A/AuthKit
0x00007fff4ef84000 	/System/Library/PrivateFrameworks/CoreUtils.framework/Versions/A/CoreUtils
0x00007fff37e76000 	/System/Library/Frameworks/CoreWLAN.framework/Versions/A/CoreWLAN
0x00007fff38a9b000 	/System/Library/Frameworks/IOBluetooth.framework/Versions/A/IOBluetooth
0x00007fff5c0ef000 	/System/Library/PrivateFrameworks/MobileKeyBag.framework/Versions/A/MobileKeyBag
0x00007fff4e05a000 	/System/Library/PrivateFrameworks/CorePhoneNumbers.framework/Versions/A/CorePhoneNumbers
0x00007fff490a1000 	/System/Library/PrivateFrameworks/AppleIDAuthSupport.framework/Versions/A/AppleIDAuthSupport
0x00007fff3c535000 	/System/Library/Frameworks/Network.framework/Versions/A/Network
0x00007fff5a7b0000 	/System/Library/PrivateFrameworks/KeychainCircle.framework/Versions/A/KeychainCircle
0x00007fff358eb000 	/System/Library/Frameworks/CoreBluetooth.framework/Versions/A/CoreBluetooth
0x00007fff64b23000 	/System/Library/PrivateFrameworks/SpeechRecognitionCore.framework/Versions/A/SpeechRecognitionCore
0x0000000102200000 	/Library/Java/JavaVirtualMachines/adoptopenjdk-12.jdk/Contents/Home/lib/server/libjvm.dylib
0x00007fff6c464000 	/usr/lib/libstdc++.6.dylib
0x00000001010b8000 	/Library/Java/JavaVirtualMachines/adoptopenjdk-12.jdk/Contents/Home/lib/libverify.dylib
0x00000001010c9000 	/Library/Java/JavaVirtualMachines/adoptopenjdk-12.jdk/Contents/Home/lib/libjava.dylib
0x000000010110c000 	/Library/Java/JavaVirtualMachines/adoptopenjdk-12.jdk/Contents/Home/lib/libinstrument.dylib
0x0000000101194000 	/Library/Java/JavaVirtualMachines/adoptopenjdk-12.jdk/Contents/Home/lib/libzip.dylib
0x00000001011a1000 	/Library/Java/JavaVirtualMachines/adoptopenjdk-12.jdk/Contents/Home/lib/libjimage.dylib
0x0000000107b06000 	/Library/Java/JavaVirtualMachines/adoptopenjdk-12.jdk/Contents/Home/lib/libnio.dylib
0x0000000107b19000 	/Library/Java/JavaVirtualMachines/adoptopenjdk-12.jdk/Contents/Home/lib/libnet.dylib
0x0000000107bb9000 	/Library/Java/JavaVirtualMachines/adoptopenjdk-12.jdk/Contents/Home/lib/libextnet.dylib
0x0000000107bc1000 	/Library/Java/JavaVirtualMachines/adoptopenjdk-12.jdk/Contents/Home/lib/libawt.dylib
0x0000000107c5c000 	/Library/Java/JavaVirtualMachines/adoptopenjdk-12.jdk/Contents/Home/lib/libmlib_image.dylib
0x00007fff3a679000 	/System/Library/Frameworks/JavaVM.framework/Versions/A/Frameworks/JavaNativeFoundation.framework/Versions/A/JavaNativeFoundation
0x00007fff3a682000 	/System/Library/Frameworks/JavaVM.framework/Versions/A/Frameworks/JavaRuntimeSupport.framework/Versions/A/JavaRuntimeSupport
0x00007fff3a68b000 	/System/Library/Frameworks/JavaVM.framework/Versions/A/JavaVM
0x00007fff5a613000 	/System/Library/PrivateFrameworks/JavaLaunching.framework/Versions/A/JavaLaunching
0x00007fff349bb000 	/System/Library/Frameworks/Carbon.framework/Versions/A/Carbon
0x00007fff4ed38000 	/System/Library/PrivateFrameworks/CoreSymbolication.framework/Versions/A/CoreSymbolication
0x00007fff349bc000 	/System/Library/Frameworks/Carbon.framework/Versions/A/Frameworks/CommonPanels.framework/Versions/A/CommonPanels
0x00007fff34cb5000 	/System/Library/Frameworks/Carbon.framework/Versions/A/Frameworks/Help.framework/Versions/A/Help
0x00007fff34cb9000 	/System/Library/Frameworks/Carbon.framework/Versions/A/Frameworks/ImageCapture.framework/Versions/A/ImageCapture
0x00007fff34cc0000 	/System/Library/Frameworks/Carbon.framework/Versions/A/Frameworks/OpenScripting.framework/Versions/A/OpenScripting
0x00007fff34cbf000 	/System/Library/Frameworks/Carbon.framework/Versions/A/Frameworks/Ink.framework/Versions/A/Ink
0x00007fff34cfb000 	/System/Library/Frameworks/Carbon.framework/Versions/A/Frameworks/Print.framework/Versions/A/Print
0x00007fff34cfc000 	/System/Library/Frameworks/Carbon.framework/Versions/A/Frameworks/SecurityHI.framework/Versions/A/SecurityHI
0x00007fff4f619000 	/System/Library/PrivateFrameworks/DebugSymbols.framework/Versions/A/DebugSymbols
0x0000000107cc9000 	/Library/Java/JavaVirtualMachines/adoptopenjdk-12.jdk/Contents/Home/lib/libawt_lwawt.dylib
0x0000000107d7a000 	/Library/Java/JavaVirtualMachines/adoptopenjdk-12.jdk/Contents/Home/lib/libosxapp.dylib
0x00007fff3837e000 	/System/Library/Frameworks/ExceptionHandling.framework/Versions/A/ExceptionHandling
0x0000000107fa2000 	/Library/Java/JavaVirtualMachines/adoptopenjdk-12.jdk/Contents/Home/lib/libfontmanager.dylib
0x00000001080aa000 	/Library/Java/JavaVirtualMachines/adoptopenjdk-12.jdk/Contents/Home/lib/libfreetype.dylib
0x00007fff4e7d3000 	/System/Library/PrivateFrameworks/CoreServicesInternal.framework/Versions/A/CoreServicesInternal
0x00007fff3839d000 	/System/Library/Frameworks/FileProvider.framework/Versions/A/FileProvider
0x00007fff32e7b000 	/System/Library/Frameworks/Accounts.framework/Versions/A/Accounts
0x00007fff56ace000 	/System/Library/PrivateFrameworks/GenerationalStorage.framework/Versions/A/GenerationalStorage
0x00007fff65354000 	/System/Library/PrivateFrameworks/SymptomDiagnosticReporter.framework/Versions/A/SymptomDiagnosticReporter
0x00007fff4892a000 	/System/Library/PrivateFrameworks/AppContainer.framework/Versions/A/AppContainer
0x00007fff6c0f9000 	/usr/lib/libsandbox.1.dylib
0x00007fff67884000 	/System/Library/PrivateFrameworks/UserManagement.framework/Versions/A/UserManagement
0x00007fff4b53b000 	/System/Library/PrivateFrameworks/ChunkingLibrary.framework/Versions/A/ChunkingLibrary
0x00007fff4899c000 	/System/Library/PrivateFrameworks/AppSandbox.framework/Versions/A/AppSandbox
0x00007fff62d31000 	/System/Library/PrivateFrameworks/SecCodeWrapper.framework/Versions/A/SecCodeWrapper
0x00007fff69fce000 	/usr/lib/libMatch.1.dylib
0x00007fff2a49b000 	/System/Library/CoreServices/RawCamera.bundle/Contents/MacOS/RawCamera
0x00007fff5bf19000 	/System/Library/PrivateFrameworks/MobileAsset.framework/Versions/A/MobileAsset
0x00007fff65202000 	/System/Library/PrivateFrameworks/StreamingZip.framework/Versions/A/StreamingZip
0x00007fff3ab0c000 	/System/Library/Frameworks/MediaToolbox.framework/Versions/A/MediaToolbox
0x00007fff4cf53000 	/System/Library/PrivateFrameworks/CoreAVCHD.framework/Versions/A/CoreAVCHD
0x00007fff3aa36000 	/System/Library/Frameworks/MediaAccessibility.framework/Versions/A/MediaAccessibility
0x00007fff5b2e4000 	/System/Library/PrivateFrameworks/Mangrove.framework/Versions/A/Mangrove
0x00007fff37040000 	/System/Library/Frameworks/CoreMedia.framework/Versions/A/CoreMedia
0x00007fff5b550000 	/System/Library/PrivateFrameworks/MediaExperience.framework/Versions/A/MediaExperience
0x00007fff438f2000 	/System/Library/Frameworks/VideoToolbox.framework/Versions/A/VideoToolbox
0x00007fff4cb7d000 	/System/Library/PrivateFrameworks/CoreAUC.framework/Versions/A/CoreAUC
0x00007fff6c151000 	/usr/lib/libspindump.dylib
0x00007fff49be3000 	/System/Library/PrivateFrameworks/AudioResourceArbitration.framework/Versions/A/AudioResourceArbitration
0x00007fff495fc000 	/System/Library/PrivateFrameworks/AppleVA.framework/Versions/A/AppleVA
0x00007fff31bc0000 	/System/Library/Frameworks/Accelerate.framework/Versions/A/Frameworks/vImage.framework/Versions/A/Libraries/libCGInterfaces.dylib
0x000000012739d000 	/usr/lib/libobjc-trampolines.dylib
0x00007fff51b96000 	/System/Library/PrivateFrameworks/FontServices.framework/libTrueTypeScaler.dylib
0x00007fff2eae4000 	/System/Library/Extensions/AppleIntelKBLGraphicsMTLDriver.bundle/Contents/MacOS/AppleIntelKBLGraphicsMTLDriver
0x00007fff55104000 	/System/Library/PrivateFrameworks/GPUCompiler.framework/Versions/3902/Libraries/libmetal_timestamp.dylib
0x00007fff68658000 	/System/Library/PrivateFrameworks/ViewBridge.framework/Versions/A/ViewBridge
0x00007fff69894000 	/System/Library/PrivateFrameworks/login.framework/Versions/A/login
0x00007fff406e4000 	/System/Library/Frameworks/OpenGL.framework/Versions/A/Resources/GLEngine.bundle/GLEngine
0x00007fff3fad5000 	/System/Library/Frameworks/OpenGL.framework/Versions/A/Libraries/libGLProgrammability.dylib
0x00007fff2dcbb000 	/System/Library/Extensions/AppleIntelKBLGraphicsGLDriver.bundle/Contents/MacOS/AppleIntelKBLGraphicsGLDriver
0x00007fff567a0000 	/System/Library/PrivateFrameworks/GPUSupport.framework/Versions/A/Libraries/libGPUSupportMercury.dylib
0x00007fff4085e000 	/System/Library/Frameworks/OpenGL.framework/Versions/A/Resources/GLRendererFloat.bundle/GLRendererFloat
0x00007fff3f098000 	/System/Library/Frameworks/OpenCL.framework/Versions/A/Libraries/libcldcpuengine.dylib
0x00007fff6a98f000 	/usr/lib/libcrypto.35.dylib
0x00007fff65d5c000 	/System/Library/PrivateFrameworks/TrustEvaluationAgent.framework/Versions/A/TrustEvaluationAgent
0x0000000128d70000 	/Library/Java/JavaVirtualMachines/adoptopenjdk-12.jdk/Contents/Home/lib/libosxui.dylib
0x00007fff653cf000 	/System/Library/PrivateFrameworks/SystemAdministration.framework/Versions/A/SystemAdministration
0x00007fff4f9aa000 	/System/Library/PrivateFrameworks/DiskManagement.framework/Versions/A/DiskManagement
0x00007fff380c7000 	/System/Library/Frameworks/DirectoryService.framework/Versions/A/DirectoryService
0x00007fff4f8e1000 	/System/Library/PrivateFrameworks/DiskImages.framework/Versions/A/DiskImages
0x00007fff5aaee000 	/System/Library/PrivateFrameworks/LoginUIKit.framework/Versions/A/Frameworks/LoginUICore.framework/Versions/A/LoginUICore
0x00007fff69c37000 	/usr/lib/libCoreStorage.dylib
0x00007fff6ad97000 	/usr/lib/libcsfde.dylib
0x00007fff6c00e000 	/usr/lib/libodfde.dylib
0x00007fff5b5db000 	/System/Library/PrivateFrameworks/MediaKit.framework/Versions/A/MediaKit
0x00007fff380d3000 	/System/Library/Frameworks/DiscRecording.framework/Versions/A/DiscRecording
0x00007fff4fb59000 	/System/Library/PrivateFrameworks/EFILogin.framework/Versions/A/EFILogin
0x00007fff60da4000 	/System/Library/PrivateFrameworks/ProtectedCloudStorage.framework/Versions/A/ProtectedCloudStorage
0x00007fff6ae0b000 	/usr/lib/libcurl.4.dylib
0x00007fff6ac90000 	/usr/lib/libcrypto.44.dylib
0x00007fff6c434000 	/usr/lib/libssl.46.dylib
0x00007fff3a6a4000 	/System/Library/Frameworks/LDAP.framework/Versions/A/LDAP
0x00007fff6c13e000 	/usr/lib/libsasl2.2.dylib
0x00007fff4d28e000 	/System/Library/PrivateFrameworks/CoreDaemon.framework/Versions/B/CoreDaemon
0x00007fff49511000 	/System/Library/PrivateFrameworks/AppleSRP.framework/Versions/A/AppleSRP


VM Arguments:
jvm_args: -javaagent:/Users/ribeiro/Library/Application Support/JetBrains/Toolbox/apps/IDEA-U/ch-0/192.6603.28/IntelliJ IDEA.app/Contents/lib/idea_rt.jar=50708:/Users/ribeiro/Library/Application Support/JetBrains/Toolbox/apps/IDEA-U/ch-0/192.6603.28/IntelliJ IDEA.app/Contents/bin -Dfile.encoding=UTF-8 
java_command: Client.Client
java_class_path (initial): /Users/ribeiro/Projetos/dss/MediaCenter/out/production/MediaCenter:/Users/ribeiro/Projetos/dss/MediaCenter/library/javax.mail.jar:/Users/ribeiro/Projetos/dss/MediaCenter/library/activation-1.1.1.jar:/Users/ribeiro/Projetos/dss/MediaCenter/library/mysql-connector-java-8.0.18.jar
Launcher Type: SUN_STANDARD

[Global flags]
     intx CICompilerCount                          = 4                                         {product} {ergonomic}
     uint ConcGCThreads                            = 2                                         {product} {ergonomic}
     uint G1ConcRefinementThreads                  = 8                                         {product} {ergonomic}
   size_t G1HeapRegionSize                         = 1048576                                   {product} {ergonomic}
    uintx GCDrainStackTargetSize                   = 64                                        {product} {ergonomic}
   size_t InitialHeapSize                          = 134217728                                 {product} {ergonomic}
   size_t MarkStackSize                            = 4194304                                   {product} {ergonomic}
   size_t MaxHeapSize                              = 2147483648                                {product} {ergonomic}
   size_t MaxNewSize                               = 1287651328                                {product} {ergonomic}
   size_t MinHeapDeltaBytes                        = 1048576                                   {product} {ergonomic}
    uintx NonNMethodCodeHeapSize                   = 5836300                                {pd product} {ergonomic}
    uintx NonProfiledCodeHeapSize                  = 122910970                              {pd product} {ergonomic}
    uintx ProfiledCodeHeapSize                     = 122910970                              {pd product} {ergonomic}
    uintx ReservedCodeCacheSize                    = 251658240                              {pd product} {ergonomic}
     bool SegmentedCodeCache                       = true                                      {product} {ergonomic}
     bool UseCompressedClassPointers               = true                                 {lp64_product} {ergonomic}
     bool UseCompressedOops                        = true                                 {lp64_product} {ergonomic}
     bool UseG1GC                                  = true                                      {product} {ergonomic}

Logging:
Log output configuration:
 #0: stdout all=warning uptime,level,tags
 #1: stderr all=off uptime,level,tags

Environment Variables:
PATH=/Users/ribeiro/.gem/ruby/2.6.0/bin:/usr/local/opt/ruby/bin:/usr/local/bin:/usr/bin:/bin:/usr/sbin:/sbin:/Library/TeX/texbin:/usr/local/share/dotnet:~/.dotnet/tools:/Library/Frameworks/Mono.framework/Versions/Current/Commands:/Applications/Wireshark.app/Contents/MacOS
SHELL=/bin/zsh

Signal Handlers:
SIGSEGV: [libjvm.dylib+0x797c56], sa_mask[0]=11111111011111110111111111111111, sa_flags=SA_ONSTACK|SA_RESTART|SA_SIGINFO
SIGBUS: [libjvm.dylib+0x797c56], sa_mask[0]=11111111011111110111111111111111, sa_flags=SA_RESTART|SA_SIGINFO
SIGFPE: [libjvm.dylib+0x797c56], sa_mask[0]=11111111011111110111111111111111, sa_flags=SA_RESTART|SA_SIGINFO
SIGPIPE: [libjvm.dylib+0x5d9743], sa_mask[0]=11111111011111110111111111111111, sa_flags=SA_RESTART|SA_SIGINFO
SIGXFSZ: [libjvm.dylib+0x5d9743], sa_mask[0]=11111111011111110111111111111111, sa_flags=SA_RESTART|SA_SIGINFO
SIGILL: [libjvm.dylib+0x797c56], sa_mask[0]=11111111011111110111111111111111, sa_flags=SA_RESTART|SA_SIGINFO
SIGUSR2: [libjvm.dylib+0x5d9d29], sa_mask[0]=00100000000000000000000000000000, sa_flags=SA_RESTART|SA_SIGINFO
SIGHUP: [libjvm.dylib+0x5d8a09], sa_mask[0]=11111111011111110111111111111111, sa_flags=SA_RESTART|SA_SIGINFO
SIGINT: [libjvm.dylib+0x5d8a09], sa_mask[0]=11111111011111110111111111111111, sa_flags=SA_RESTART|SA_SIGINFO
SIGTERM: [libjvm.dylib+0x5d8a09], sa_mask[0]=11111111011111110111111111111111, sa_flags=SA_RESTART|SA_SIGINFO
SIGQUIT: [libjvm.dylib+0x5d8a09], sa_mask[0]=11111111011111110111111111111111, sa_flags=SA_RESTART|SA_SIGINFO


---------------  S Y S T E M  ---------------

OS:uname:Darwin 19.2.0 Darwin Kernel Version 19.2.0: Sat Nov  9 03:47:04 PST 2019; root:xnu-6153.61.1~20/RELEASE_X86_64 x86_64
rlimit: STACK 8192k, CORE 0k, NPROC 1392, NOFILE 10240, AS infinity, DATA infinity, FSIZE infinity
load average:2.08 2.24 2.33

CPU:total 8 (initial active 8) (4 cores per cpu, 2 threads per core) family 6 model 142 stepping 10, cmov, cx8, fxsr, mmx, sse, sse2, sse3, ssse3, sse4.1, sse4.2, popcnt, avx, avx2, aes, clmul, erms, 3dnowpref, lzcnt, ht, tsc, tscinvbit, bmi1, bmi2, adx, fma

Memory: 4k page, physical 8388608k(913980k free)

vm_info: OpenJDK 64-Bit Server VM (12.0.2+10) for bsd-amd64 JRE (12.0.2+10), built on Aug  5 2019 12:41:20 by "jenkins" with gcc 4.2.1 Compatible Apple LLVM 9.0.0 (clang-900.0.39.2)

END.
